<?xml version="1.0" encoding="UTF-8"?>
<!-- Generated by org.testng.reporters.JUnitReportReporter -->
<testsuite hostname="Aventras-iMac.local" failures="0" tests="1" name="tests.ExtentReportsDemo" time="0.008" errors="0" timestamp="2023-02-01T17:07:18 BDT" skipped="0">
  <testcase classname="tests.ExtentReportsDemo" name="demoTest" time="0.008"/>
  <system-out/>
</testsuite> <!-- tests.ExtentReportsDemo -->
